Importer Log Report
Project : CHIP.PrjPcb

Section : Document - D:\mehdi\sherkat\cartheur\aiventure-computer-main\aiventure-computer-main - test2\chip_1_0\files\CHIP.alg
    Section : Load Messages
        Error   : Added new obj type - TRIANGLE_1
    EndSection

    Section : Import Messages
        Warning : CONSTRAINT REGION is translated as Mechanical 1 layer lines/arcs.
        Warning : CONSTRAINT REGION is translated as Mechanical 1 layer lines/arcs.
        Warning : CONSTRAINT REGION is translated as Mechanical 1 layer lines/arcs.
        Warning : CONSTRAINT REGION is translated as Mechanical 1 layer lines/arcs.
        Warning : CONSTRAINT REGION is translated as Mechanical 1 layer lines/arcs.
        Warning : CONSTRAINT REGION is translated as Mechanical 1 layer lines/arcs.
        Warning : CONSTRAINT REGION is translated as Mechanical 1 layer lines/arcs.
        Warning : CONSTRAINT REGION is translated as Mechanical 1 layer lines/arcs.
        Warning : CONSTRAINT REGION is translated as Mechanical 1 layer lines/arcs.
        Warning : CONSTRAINT REGION is translated as Mechanical 1 layer lines/arcs.
        Warning : CONSTRAINT REGION is translated as Mechanical 1 layer lines/arcs.
        Warning : Unable to locate layer mapping for layer ZONE_OUTLINE, setting layer to Mechanical Layer 32
        Warning : Unable to locate layer mapping for layer BEND_AREA, setting layer to Mechanical Layer 32
    EndSection
EndSection
