RECORD=-42|LINENO=   0|OWNERPARTID= -42|OWNERINDEX= -42|HEADER=Protel for Windows - Schematic Capture Binary File Version 5.0|MINORVERSION=2|UNIQUEID=PVXJOJIS|WEIGHT=97|
RECORD=31|LINENO=   1|OWNERPARTID= -42|OWNERINDEX= -42|AREACOLOR=16317695|BOLD3=T|BOLD4=T|BOLD5=T|BOLD6=T|BOLD8=T|BORDERON=T|CUSTOMMARGINWIDTH=10|CUSTOMX=1653|CUSTOMXZONES=6|CUSTOMX_FRAC=54331|CUSTOMY=1169|CUSTOMYZONES=4|CUSTOMY_FRAC=29134|DISPLAY_UNIT=1|FONTIDCOUNT=9|FONTNAME1=Times New Roman|FONTNAME2=Arial|FONTNAME3=Courier New|FONTNAME4=Arial|FONTNAME5=Courier New|FONTNAME6=Courier New|FONTNAME7=Courier New|FONTNAME8=Arial|FONTNAME9=Courier New|HOTSPOTGRIDON=T|HOTSPOTGRIDSIZE=10|ISBOC=T|ITALIC3=T|SHEETNUMBERSPACESIZE=12|SHEETSTYLE=5|SIZE1=10|SIZE2=7|SIZE3=14|SIZE4=14|SIZE5=22|SIZE6=15|SIZE7=14|SIZE8=24|SIZE9=12|SNAPGRIDON=T|SNAPGRIDSIZE=10|SYSTEMFONT=1|USECUSTOMSHEET=T|USEMBCS=T|VISIBLEGRIDON=T|VISIBLEGRIDSIZE=10|
RECORD=41|LINENO=   2|OWNERPARTID=   0|OWNERINDEX= -42|FONTID=1|ISHIDDEN=T|NAME=CurrentTime|TEXT=*|UNIQUEID=HMQQAKQQ|
RECORD=41|LINENO=   3|OWNERPARTID=   0|OWNERINDEX= -42|FONTID=1|ISHIDDEN=T|NAME=CurrentDate|TEXT=*|UNIQUEID=ZCKFUWCL|
RECORD=41|LINENO=   4|OWNERPARTID=   0|OWNERINDEX= -42|FONTID=1|ISHIDDEN=T|NAME=Time|TEXT=*|UNIQUEID=JPDJCYBQ|
RECORD=41|LINENO=   5|OWNERPARTID=   0|OWNERINDEX= -42|FONTID=1|ISHIDDEN=T|NAME=Date|TEXT=*|UNIQUEID=UIRYJBYR|
RECORD=41|LINENO=   6|OWNERPARTID=   0|OWNERINDEX= -42|FONTID=1|ISHIDDEN=T|NAME=DocumentFullPathAndName|TEXT=*|UNIQUEID=FHVLIIGA|
RECORD=41|LINENO=   7|OWNERPARTID=   0|OWNERINDEX= -42|FONTID=1|ISHIDDEN=T|NAME=DocumentName|TEXT=*|UNIQUEID=QHELYEKS|
RECORD=41|LINENO=   8|OWNERPARTID=   0|OWNERINDEX= -42|FONTID=1|ISHIDDEN=T|NAME=ModifiedDate|TEXT=*|UNIQUEID=TLZYFZPI|
RECORD=41|LINENO=   9|OWNERPARTID=   0|OWNERINDEX= -42|FONTID=1|ISHIDDEN=T|NAME=ApprovedBy|TEXT=*|UNIQUEID=KAVRSSHX|
RECORD=41|LINENO=  10|OWNERPARTID=   0|OWNERINDEX= -42|FONTID=1|ISHIDDEN=T|NAME=CheckedBy|TEXT=*|UNIQUEID=DSAMBRDA|
RECORD=41|LINENO=  11|OWNERPARTID=   0|OWNERINDEX= -42|FONTID=1|ISHIDDEN=T|NAME=Author|TEXT=*|UNIQUEID=JCTVTPRP|
RECORD=41|LINENO=  12|OWNERPARTID=   0|OWNERINDEX= -42|FONTID=1|ISHIDDEN=T|NAME=CompanyName|TEXT=*|UNIQUEID=YZFXBALF|
RECORD=41|LINENO=  13|OWNERPARTID=   0|OWNERINDEX= -42|FONTID=1|ISHIDDEN=T|NAME=DrawnBy|TEXT=*|UNIQUEID=SNAHMPIX|
RECORD=41|LINENO=  14|OWNERPARTID=   0|OWNERINDEX= -42|FONTID=1|ISHIDDEN=T|NAME=Engineer|TEXT=*|UNIQUEID=ZHHFEXQC|
RECORD=41|LINENO=  15|OWNERPARTID=   0|OWNERINDEX= -42|FONTID=1|ISHIDDEN=T|NAME=Organization|TEXT=*|UNIQUEID=IZOCGUOU|
RECORD=41|LINENO=  16|OWNERPARTID=   0|OWNERINDEX= -42|FONTID=1|ISHIDDEN=T|NAME=Address1|TEXT=*|UNIQUEID=JGSSMJVD|
RECORD=41|LINENO=  17|OWNERPARTID=   0|OWNERINDEX= -42|FONTID=1|ISHIDDEN=T|NAME=Address2|TEXT=*|UNIQUEID=GVUOQVNT|
RECORD=41|LINENO=  18|OWNERPARTID=   0|OWNERINDEX= -42|FONTID=1|ISHIDDEN=T|NAME=Address3|TEXT=*|UNIQUEID=UVVMILLB|
RECORD=41|LINENO=  19|OWNERPARTID=   0|OWNERINDEX= -42|FONTID=1|ISHIDDEN=T|NAME=Address4|TEXT=*|UNIQUEID=JCOCLIZX|
RECORD=41|LINENO=  20|OWNERPARTID=   0|OWNERINDEX= -42|FONTID=1|ISHIDDEN=T|NAME=Title|TEXT=*|UNIQUEID=YFYGXPLQ|
RECORD=41|LINENO=  21|OWNERPARTID=   0|OWNERINDEX= -42|FONTID=1|ISHIDDEN=T|NAME=DocumentNumber|TEXT=*|UNIQUEID=MEYICCLN|
RECORD=41|LINENO=  22|OWNERPARTID=   0|OWNERINDEX= -42|FONTID=1|ISHIDDEN=T|NAME=Revision|TEXT=*|UNIQUEID=LVILYCMX|
RECORD=41|LINENO=  23|OWNERPARTID=   0|OWNERINDEX= -42|FONTID=1|ISHIDDEN=T|NAME=SheetNumber|TEXT=*|UNIQUEID=VQJKUSRY|
RECORD=41|LINENO=  24|OWNERPARTID=   0|OWNERINDEX= -42|FONTID=1|ISHIDDEN=T|NAME=SheetTotal|TEXT=*|UNIQUEID=VXPLWHWF|
RECORD=41|LINENO=  25|OWNERPARTID=   0|OWNERINDEX= -42|FONTID=1|ISHIDDEN=T|NAME=Rule|TEXT=*|UNIQUEID=KFADMCZG|
RECORD=41|LINENO=  26|OWNERPARTID=   0|OWNERINDEX= -42|FONTID=1|ISHIDDEN=T|NAME=ImagePath|TEXT=*|UNIQUEID=RBRQAOYW|
RECORD=41|LINENO=  27|OWNERPARTID=   0|OWNERINDEX= -42|FONTID=1|ISHIDDEN=T|NAME=ProjectName|TEXT=*|UNIQUEID=SBKGGBVT|
RECORD=41|LINENO=  28|OWNERPARTID=   0|OWNERINDEX= -42|FONTID=1|ISHIDDEN=T|NAME=Application_BuildNumber|TEXT=*|UNIQUEID=MANFNARD|
RECORD= 1|LINENO=  29|OWNERPARTID=   0|OWNERINDEX= -42|AREACOLOR=11599871|COMPONENTKIND=2|CURRENTPARTID=1|DESIGNITEMID=TitleBlock1-nextthing|DISPLAYMODECOUNT=1|LIBRARYPATH=*|LIBREFERENCE=TitleBlock1-nextthing|LOCATION.X=1290|LOCATION.Y=200|PARTCOUNT=2|PARTIDLOCKED=T|SHEETPARTFILENAME=*|SOURCELIBRARYNAME=*|TARGETFILENAME=*|UNIQUEID=OISTUQFW|
RECORD= 4|LINENO=  30|OWNERPARTID=   2|OWNERINDEX=  29|FONTID=2|LOCATION.X=1290|LOCATION.Y=73|TEXT=Design Name|
RECORD= 4|LINENO=  31|OWNERPARTID=   2|OWNERINDEX=  29|FONTID=2|LOCATION.X=1290|LOCATION.Y=43|TEXT=Size|
RECORD= 4|LINENO=  32|OWNERPARTID=   2|OWNERINDEX=  29|FONTID=2|LOCATION.X=1320|LOCATION.Y=43|TEXT=Page Name|
RECORD= 4|LINENO=  33|OWNERPARTID=   2|OWNERINDEX=  29|FONTID=2|LOCATION.X=1610|LOCATION.Y=43|TEXT=Rev|
RECORD= 4|LINENO=  34|OWNERPARTID=   2|OWNERINDEX=  29|FONTID=2|LOCATION.X=1290|LOCATION.Y=13|TEXT=Date:|
RECORD= 4|LINENO=  35|OWNERPARTID=   2|OWNERINDEX=  29|FONTID=2|LOCATION.X=1490|LOCATION.Y=13|TEXT=Sheet|
RECORD=14|LINENO=  36|OWNERPARTID=   2|OWNERINDEX=  29|CORNER.X=1640|CORNER.Y=80|LINEWIDTH=1|LOCATION.X=1290|LOCATION.Y=50|
RECORD=14|LINENO=  37|OWNERPARTID=   2|OWNERINDEX=  29|CORNER.X=1320|CORNER.Y=50|LINEWIDTH=1|LOCATION.X=1290|LOCATION.Y=20|
RECORD=14|LINENO=  38|OWNERPARTID=   2|OWNERINDEX=  29|CORNER.X=1490|CORNER.Y=20|LINEWIDTH=1|LOCATION.X=1290|LOCATION.Y=10|
RECORD=14|LINENO=  39|OWNERPARTID=   2|OWNERINDEX=  29|CORNER.X=1640|CORNER.Y=20|LINEWIDTH=1|LOCATION.X=1490|LOCATION.Y=10|
RECORD= 4|LINENO=  40|OWNERPARTID=   2|OWNERINDEX=  29|FONTID=2|LOCATION.X=1570|LOCATION.Y=13|TEXT=of|
RECORD=14|LINENO=  41|OWNERPARTID=   2|OWNERINDEX=  29|CORNER.X=1640|CORNER.Y=200|LINEWIDTH=1|LOCATION.X=1290|LOCATION.Y=120|
RECORD=14|LINENO=  42|OWNERPARTID=   2|OWNERINDEX=  29|CORNER.X=1640|CORNER.Y=50|LINEWIDTH=1|LOCATION.X=1590|LOCATION.Y=20|
RECORD= 4|LINENO=  43|OWNERPARTID=   2|OWNERINDEX=  29|FONTID=3|LOCATION.X=1350|LOCATION.Y=106|TEXT=Oakland, California|
RECORD=30|LINENO=  44|OWNERPARTID=   2|OWNERINDEX=  29|CORNER.X=1640|CORNER.Y=200|EMBEDIMAGE=T|FILENAME=D:\mehdi\sherkat\cartheur\aiventure-computer-main\aiventure-computer-main - test2\chip_1_0\files\Imported CHIP_v1_0.PrjPcb\Image.bmp|LOCATION.X=1290|LOCATION.Y=120|
RECORD=28|LINENO=  45|OWNERPARTID=   2|OWNERINDEX=  29|ALIGNMENT=1|AREACOLOR=16777215|CLIPTORECT=T|CORNER.X=1538|CORNER.Y=100|FONTID=3|LOCATION.X=1350|LOCATION.Y=64|TEXT=docs.nextthing.co~1|TEXTMARGIN_FRAC=5|WORDWRAP=T|
RECORD=14|LINENO=  46|OWNERPARTID=   2|OWNERINDEX=  29|CORNER.X=1640|CORNER.Y=120|LINEWIDTH=1|LOCATION.X=1290|LOCATION.Y=80|
RECORD=41|LINENO=  47|OWNERPARTID=   2|OWNERINDEX=  29|FONTID=2|LOCATION.X=1600|LOCATION.Y=13|NAME=Page Count|NOTAUTOPOSITION=T|TEXT=9|UNIQUEID=XXMTMZPT|
RECORD=41|LINENO=  48|OWNERPARTID=   2|OWNERINDEX=  29|FONTID=2|LOCATION.X=1540|LOCATION.Y=13|NAME=Page Number|NOTAUTOPOSITION=T|TEXT=1|UNIQUEID=UBSUOCTE|
RECORD=41|LINENO=  49|OWNERPARTID=   2|OWNERINDEX=  29|FONTID=2|LOCATION.X=1300|LOCATION.Y=33|NAME=Page Size|NOTAUTOPOSITION=T|TEXT=A|UNIQUEID=AOVISKXY|
RECORD=41|LINENO=  50|OWNERPARTID=   2|OWNERINDEX=  29|FONTID=4|LOCATION.X=1340|LOCATION.Y=56|NAME=Title|NOTAUTOPOSITION=T|TEXT=C.H.I.P.|UNIQUEID=SJBPUORL|
RECORD=41|LINENO=  51|OWNERPARTID=   2|OWNERINDEX=  29|FONTID=2|LOCATION.X=1610|LOCATION.Y=33|NAME=RevCode|NOTAUTOPOSITION=T|TEXT=v1.0|UNIQUEID=XKOKTVZZ|
RECORD=41|LINENO=  52|OWNERPARTID=   2|OWNERINDEX=  29|FONTID=4|LOCATION.X=1340|LOCATION.Y=26|NAME=Doc|NOTAUTOPOSITION=T|TEXT=REVISION HISTORY|UNIQUEID=LIWNQACP|
RECORD=41|LINENO=  53|OWNERPARTID=   2|OWNERINDEX=  29|FONTID=1|ISHIDDEN=T|LOCATION.X=1290|LOCATION.Y=200|NAME=Page Create Date|NOTAUTOPOSITION=T|TEXT=March  8, 1995|UNIQUEID=YENGUGLM|
RECORD=34|LINENO=  54|OWNERPARTID=   0|OWNERINDEX=  29|FONTID=1|ISHIDDEN=T|LOCATION.X=1290|LOCATION.Y=200|NAME=Designator|TEXT=*|UNIQUEID=YACRPIUR|
RECORD=41|LINENO=  55|OWNERPARTID=   0|OWNERINDEX=  29|FONTID=1|ISHIDDEN=T|LOCATION.X=1290|NAME=Comment|TEXT=TitleBlock1-nextthing|UNIQUEID=RSJOVPPD|
RECORD=44|LINENO=  56|OWNERPARTID= -42|OWNERINDEX=  29|
RECORD= 4|LINENO=  57|OWNERPARTID=   0|OWNERINDEX= -42|%UTF8%TEXT=Schematics IndexÂ£Âº|FONTID=5|LOCATION.X=230|LOCATION.Y=958|TEXT=Schematics Index£º|
RECORD= 4|LINENO=  58|OWNERPARTID=   0|OWNERINDEX= -42|FONTID=6|LOCATION.X=1280|LOCATION.Y=435|TEXT=Approved|
RECORD= 4|LINENO=  59|OWNERPARTID=   0|OWNERINDEX= -42|FONTID=6|LOCATION.X=1080|LOCATION.Y=435|TEXT=Drawn|
RECORD=13|LINENO=  60|OWNERPARTID=   0|OWNERINDEX= -42|CORNER.X=1270|CORNER.Y=240|LINEWIDTH=1|LOCATION.X=1270|LOCATION.Y=450|
RECORD=13|LINENO=  61|OWNERPARTID=   0|OWNERINDEX= -42|CORNER.X=1160|CORNER.Y=240|LINEWIDTH=1|LOCATION.X=1160|LOCATION.Y=450|
RECORD=13|LINENO=  62|OWNERPARTID=   0|OWNERINDEX= -42|CORNER.X=1380|CORNER.Y=420|LINEWIDTH=1|LOCATION.X=200|LOCATION.Y=420|
RECORD=13|LINENO=  63|OWNERPARTID=   0|OWNERINDEX= -42|CORNER.X=570|CORNER.Y=240|LINEWIDTH=1|LOCATION.X=570|LOCATION.Y=450|
RECORD=14|LINENO=  64|OWNERPARTID=   0|OWNERINDEX= -42|CORNER.X=1380|CORNER.Y=450|LINEWIDTH=1|LOCATION.X=200|LOCATION.Y=240|
RECORD=13|LINENO=  65|OWNERPARTID=   0|OWNERINDEX= -42|CORNER.X=1070|CORNER.Y=240|LINEWIDTH=1|LOCATION.X=1070|LOCATION.Y=450|
RECORD=13|LINENO=  66|OWNERPARTID=   0|OWNERINDEX= -42|CORNER.X=940|CORNER.Y=240|LINEWIDTH=1|LOCATION.X=940|LOCATION.Y=450|
RECORD= 4|LINENO=  67|OWNERPARTID=   0|OWNERINDEX= -42|FONTID=6|LOCATION.X=1170|LOCATION.Y=435|TEXT=Checked|
RECORD= 4|LINENO=  68|OWNERPARTID=   0|OWNERINDEX= -42|FONTID=6|LOCATION.X=980|LOCATION.Y=435|TEXT=Date|
RECORD= 4|LINENO=  69|OWNERPARTID=   0|OWNERINDEX= -42|FONTID=6|LOCATION.X=580|LOCATION.Y=435|TEXT=Description|
RECORD= 4|LINENO=  70|OWNERPARTID=   0|OWNERINDEX= -42|FONTID=6|LOCATION.X=210|LOCATION.Y=435|TEXT=Revision History|
RECORD=13|LINENO=  71|OWNERPARTID=   0|OWNERINDEX= -42|CORNER.X=1380|CORNER.Y=390|LINEWIDTH=1|LOCATION.X=200|LOCATION.Y=390|
RECORD=13|LINENO=  72|OWNERPARTID=   0|OWNERINDEX= -42|CORNER.X=1380|CORNER.Y=300|LINEWIDTH=1|LOCATION.X=200|LOCATION.Y=300|
RECORD=13|LINENO=  73|OWNERPARTID=   0|OWNERINDEX= -42|CORNER.X=1380|CORNER.Y=330|LINEWIDTH=1|LOCATION.X=200|LOCATION.Y=330|
RECORD=13|LINENO=  74|OWNERPARTID=   0|OWNERINDEX= -42|CORNER.X=1380|CORNER.Y=360|LINEWIDTH=1|LOCATION.X=200|LOCATION.Y=360|
RECORD=13|LINENO=  75|OWNERPARTID=   0|OWNERINDEX= -42|CORNER.X=600|CORNER.Y=940|LINEWIDTH=1|LOCATION.X=200|LOCATION.Y=940|
RECORD=28|LINENO=  76|OWNERPARTID=   0|OWNERINDEX= -42|%UTF8%TEXT=P01: REVISION HISTORY~1P02: BLOCK~1P03: CPU~1P04: POWER~1P05: MISC~1P06Â£ÂºSDIO WIFI ~1P07: USB~1P08: BESIDE CPU~1P09: MEMORY|ALIGNMENT=1|AREACOLOR=16777215|CLIPTORECT=T|CORNER.X=466|CORNER.Y=749|FONTID=7|LOCATION.X=230|LOCATION.Y=920|TEXT=P01: REVISION HISTORY~1P02: BLOCK~1P03: CPU~1P04: POWER~1P05: MISC~1P06£ºSDIO WIFI ~1P07: USB~1P08: BESIDE CPU~1P09: MEMORY|TEXTMARGIN_FRAC=5|WORDWRAP=T|
RECORD=13|LINENO=  77|OWNERPARTID=   0|OWNERINDEX= -42|CORNER.X=400|CORNER.Y=1100|LINEWIDTH=1|LOCATION.X=30|LOCATION.Y=1100|
RECORD= 4|LINENO=  78|OWNERPARTID=   0|OWNERINDEX= -42|FONTID=8|LOCATION.X=50|LOCATION.Y=1116|TEXT=REVISION HISTORY|
RECORD= 4|LINENO=  79|OWNERPARTID=   0|OWNERINDEX= -42|FONTID=9|LOCATION.X=950|LOCATION.Y=398|TEXT=2015-03-30|
RECORD= 4|LINENO=  80|OWNERPARTID=   0|OWNERINDEX= -42|FONTID=9|LOCATION.X=570|LOCATION.Y=398|TEXT=version 0.1|
RECORD= 4|LINENO=  81|OWNERPARTID=   0|OWNERINDEX= -42|FONTID=9|LOCATION.X=200|LOCATION.Y=398|TEXT=C.H.I.P. ALPHA|
RECORD= 4|LINENO=  82|OWNERPARTID=   0|OWNERINDEX= -42|FONTID=9|LOCATION.X=200|LOCATION.Y=368|TEXT=C.H.I.P. ALPHA|
RECORD= 4|LINENO=  83|OWNERPARTID=   0|OWNERINDEX= -42|FONTID=9|LOCATION.X=570|LOCATION.Y=368|TEXT=version 0.2|
RECORD= 4|LINENO=  84|OWNERPARTID=   0|OWNERINDEX= -42|FONTID=9|LOCATION.X=950|LOCATION.Y=368|TEXT=2015-07-10|
RECORD= 4|LINENO=  85|OWNERPARTID=   0|OWNERINDEX= -42|FONTID=9|LOCATION.X=200|LOCATION.Y=338|TEXT=C.H.I.P. ALPHA|
RECORD= 4|LINENO=  86|OWNERPARTID=   0|OWNERINDEX= -42|FONTID=9|LOCATION.X=570|LOCATION.Y=338|TEXT=version 0.21|
RECORD= 4|LINENO=  87|OWNERPARTID=   0|OWNERINDEX= -42|FONTID=9|LOCATION.X=950|LOCATION.Y=338|TEXT=2015-08-10|
RECORD= 4|LINENO=  88|OWNERPARTID=   0|OWNERINDEX= -42|FONTID=9|LOCATION.X=200|LOCATION.Y=308|TEXT=C.H.I.P. |
RECORD= 4|LINENO=  89|OWNERPARTID=   0|OWNERINDEX= -42|FONTID=9|LOCATION.X=570|LOCATION.Y=308|TEXT=version 0.9|
RECORD= 4|LINENO=  90|OWNERPARTID=   0|OWNERINDEX= -42|FONTID=9|LOCATION.X=950|LOCATION.Y=308|TEXT=2015-08-24|
RECORD= 4|LINENO=  91|OWNERPARTID=   0|OWNERINDEX= -42|FONTID=9|LOCATION.X=200|LOCATION.Y=278|TEXT=C.H.I.P. |
RECORD= 4|LINENO=  92|OWNERPARTID=   0|OWNERINDEX= -42|FONTID=9|LOCATION.X=570|LOCATION.Y=278|TEXT=version 0.91|
RECORD= 4|LINENO=  93|OWNERPARTID=   0|OWNERINDEX= -42|FONTID=9|LOCATION.X=950|LOCATION.Y=278|TEXT=2015-10-16|
RECORD=13|LINENO=  94|OWNERPARTID=   0|OWNERINDEX= -42|CORNER.X=1380|CORNER.Y=270|LINEWIDTH=1|LOCATION.X=200|LOCATION.Y=270|
RECORD= 4|LINENO=  95|OWNERPARTID=   0|OWNERINDEX= -42|FONTID=9|LOCATION.X=200|LOCATION.Y=248|TEXT=C.H.I.P. |
RECORD= 4|LINENO=  96|OWNERPARTID=   0|OWNERINDEX= -42|FONTID=9|LOCATION.X=570|LOCATION.Y=248|TEXT=version 1.0|
RECORD= 4|LINENO=  97|OWNERPARTID=   0|OWNERINDEX= -42|FONTID=9|LOCATION.X=950|LOCATION.Y=248|TEXT=2015-11-11|
