RECORD=-42|LINENO=   0|OWNERPARTID= -42|OWNERINDEX= -42|HEADER=Protel for Windows - Schematic Capture Binary File Version 5.0|MINORVERSION=2|UNIQUEID=ZCBTCIKT|WEIGHT=115|
RECORD=31|LINENO=   1|OWNERPARTID= -42|OWNERINDEX= -42|AREACOLOR=16317695|BOLD10=T|BOLD3=T|BOLD4=T|BOLD5=T|BOLD9=T|BORDERON=T|CUSTOMMARGINWIDTH=10|CUSTOMX=1653|CUSTOMXZONES=6|CUSTOMX_FRAC=54331|CUSTOMY=1169|CUSTOMYZONES=4|CUSTOMY_FRAC=29134|DISPLAY_UNIT=1|FONTIDCOUNT=10|FONTNAME1=Times New Roman|FONTNAME10=Courier New|FONTNAME2=Arial|FONTNAME3=Courier New|FONTNAME4=Arial|FONTNAME5=Arial|FONTNAME6=Courier New|FONTNAME7=Courier New|FONTNAME8=Courier New|FONTNAME9=Courier New|HOTSPOTGRIDON=T|HOTSPOTGRIDSIZE=10|ISBOC=T|ITALIC3=T|SHEETNUMBERSPACESIZE=12|SHEETSTYLE=5|SIZE1=10|SIZE10=26|SIZE2=7|SIZE3=14|SIZE4=14|SIZE5=24|SIZE6=13|SIZE7=26|SIZE8=24|SIZE9=11|SNAPGRIDON=T|SNAPGRIDSIZE=10|SYSTEMFONT=1|USECUSTOMSHEET=T|USEMBCS=T|VISIBLEGRIDON=T|VISIBLEGRIDSIZE=10|
RECORD=41|LINENO=   2|OWNERPARTID=   0|OWNERINDEX= -42|FONTID=1|ISHIDDEN=T|NAME=CurrentTime|TEXT=*|UNIQUEID=RDTTBBXH|
RECORD=41|LINENO=   3|OWNERPARTID=   0|OWNERINDEX= -42|FONTID=1|ISHIDDEN=T|NAME=CurrentDate|TEXT=*|UNIQUEID=YTTUWPZI|
RECORD=41|LINENO=   4|OWNERPARTID=   0|OWNERINDEX= -42|FONTID=1|ISHIDDEN=T|NAME=Time|TEXT=*|UNIQUEID=JGRMPUTQ|
RECORD=41|LINENO=   5|OWNERPARTID=   0|OWNERINDEX= -42|FONTID=1|ISHIDDEN=T|NAME=Date|TEXT=*|UNIQUEID=KNQXNFTJ|
RECORD=41|LINENO=   6|OWNERPARTID=   0|OWNERINDEX= -42|FONTID=1|ISHIDDEN=T|NAME=DocumentFullPathAndName|TEXT=*|UNIQUEID=QRPDICSK|
RECORD=41|LINENO=   7|OWNERPARTID=   0|OWNERINDEX= -42|FONTID=1|ISHIDDEN=T|NAME=DocumentName|TEXT=*|UNIQUEID=CFGTGWGK|
RECORD=41|LINENO=   8|OWNERPARTID=   0|OWNERINDEX= -42|FONTID=1|ISHIDDEN=T|NAME=ModifiedDate|TEXT=*|UNIQUEID=DSKVRYEW|
RECORD=41|LINENO=   9|OWNERPARTID=   0|OWNERINDEX= -42|FONTID=1|ISHIDDEN=T|NAME=ApprovedBy|TEXT=*|UNIQUEID=JCINKZUS|
RECORD=41|LINENO=  10|OWNERPARTID=   0|OWNERINDEX= -42|FONTID=1|ISHIDDEN=T|NAME=CheckedBy|TEXT=*|UNIQUEID=ZJDFZVAH|
RECORD=41|LINENO=  11|OWNERPARTID=   0|OWNERINDEX= -42|FONTID=1|ISHIDDEN=T|NAME=Author|TEXT=*|UNIQUEID=OGJJNZKO|
RECORD=41|LINENO=  12|OWNERPARTID=   0|OWNERINDEX= -42|FONTID=1|ISHIDDEN=T|NAME=CompanyName|TEXT=*|UNIQUEID=GGTUVYSS|
RECORD=41|LINENO=  13|OWNERPARTID=   0|OWNERINDEX= -42|FONTID=1|ISHIDDEN=T|NAME=DrawnBy|TEXT=*|UNIQUEID=NTTFTEZD|
RECORD=41|LINENO=  14|OWNERPARTID=   0|OWNERINDEX= -42|FONTID=1|ISHIDDEN=T|NAME=Engineer|TEXT=*|UNIQUEID=KNUXSBKH|
RECORD=41|LINENO=  15|OWNERPARTID=   0|OWNERINDEX= -42|FONTID=1|ISHIDDEN=T|NAME=Organization|TEXT=*|UNIQUEID=RCHKOUIK|
RECORD=41|LINENO=  16|OWNERPARTID=   0|OWNERINDEX= -42|FONTID=1|ISHIDDEN=T|NAME=Address1|TEXT=*|UNIQUEID=RUGEFZXB|
RECORD=41|LINENO=  17|OWNERPARTID=   0|OWNERINDEX= -42|FONTID=1|ISHIDDEN=T|NAME=Address2|TEXT=*|UNIQUEID=RLSGCVNJ|
RECORD=41|LINENO=  18|OWNERPARTID=   0|OWNERINDEX= -42|FONTID=1|ISHIDDEN=T|NAME=Address3|TEXT=*|UNIQUEID=HGYZFNVF|
RECORD=41|LINENO=  19|OWNERPARTID=   0|OWNERINDEX= -42|FONTID=1|ISHIDDEN=T|NAME=Address4|TEXT=*|UNIQUEID=WMDSQHDS|
RECORD=41|LINENO=  20|OWNERPARTID=   0|OWNERINDEX= -42|FONTID=1|ISHIDDEN=T|NAME=Title|TEXT=*|UNIQUEID=KIOYXVXL|
RECORD=41|LINENO=  21|OWNERPARTID=   0|OWNERINDEX= -42|FONTID=1|ISHIDDEN=T|NAME=DocumentNumber|TEXT=*|UNIQUEID=QSFGIEEW|
RECORD=41|LINENO=  22|OWNERPARTID=   0|OWNERINDEX= -42|FONTID=1|ISHIDDEN=T|NAME=Revision|TEXT=*|UNIQUEID=PYCIVJFE|
RECORD=41|LINENO=  23|OWNERPARTID=   0|OWNERINDEX= -42|FONTID=1|ISHIDDEN=T|NAME=SheetNumber|TEXT=*|UNIQUEID=YBHTWELJ|
RECORD=41|LINENO=  24|OWNERPARTID=   0|OWNERINDEX= -42|FONTID=1|ISHIDDEN=T|NAME=SheetTotal|TEXT=*|UNIQUEID=HZVUGPLL|
RECORD=41|LINENO=  25|OWNERPARTID=   0|OWNERINDEX= -42|FONTID=1|ISHIDDEN=T|NAME=Rule|TEXT=*|UNIQUEID=JNJMHPWR|
RECORD=41|LINENO=  26|OWNERPARTID=   0|OWNERINDEX= -42|FONTID=1|ISHIDDEN=T|NAME=ImagePath|TEXT=*|UNIQUEID=HHDREUWB|
RECORD=41|LINENO=  27|OWNERPARTID=   0|OWNERINDEX= -42|FONTID=1|ISHIDDEN=T|NAME=ProjectName|TEXT=*|UNIQUEID=DJZWNDPL|
RECORD=41|LINENO=  28|OWNERPARTID=   0|OWNERINDEX= -42|FONTID=1|ISHIDDEN=T|NAME=Application_BuildNumber|TEXT=*|UNIQUEID=HVZJJKPA|
RECORD= 1|LINENO=  29|OWNERPARTID=   0|OWNERINDEX= -42|AREACOLOR=11599871|COMPONENTKIND=2|CURRENTPARTID=1|DESIGNITEMID=TitleBlock1-nextthing|DISPLAYMODECOUNT=1|LIBRARYPATH=*|LIBREFERENCE=TitleBlock1-nextthing|LOCATION.X=1290|LOCATION.Y=200|PARTCOUNT=2|PARTIDLOCKED=T|SHEETPARTFILENAME=*|SOURCELIBRARYNAME=*|TARGETFILENAME=*|UNIQUEID=ILFFJBAD|
RECORD= 4|LINENO=  30|OWNERPARTID=   2|OWNERINDEX=  29|FONTID=2|LOCATION.X=1290|LOCATION.Y=73|TEXT=Design Name|
RECORD= 4|LINENO=  31|OWNERPARTID=   2|OWNERINDEX=  29|FONTID=2|LOCATION.X=1290|LOCATION.Y=43|TEXT=Size|
RECORD= 4|LINENO=  32|OWNERPARTID=   2|OWNERINDEX=  29|FONTID=2|LOCATION.X=1320|LOCATION.Y=43|TEXT=Page Name|
RECORD= 4|LINENO=  33|OWNERPARTID=   2|OWNERINDEX=  29|FONTID=2|LOCATION.X=1610|LOCATION.Y=43|TEXT=Rev|
RECORD= 4|LINENO=  34|OWNERPARTID=   2|OWNERINDEX=  29|FONTID=2|LOCATION.X=1290|LOCATION.Y=13|TEXT=Date:|
RECORD= 4|LINENO=  35|OWNERPARTID=   2|OWNERINDEX=  29|FONTID=2|LOCATION.X=1490|LOCATION.Y=13|TEXT=Sheet|
RECORD=14|LINENO=  36|OWNERPARTID=   2|OWNERINDEX=  29|CORNER.X=1640|CORNER.Y=80|LINEWIDTH=1|LOCATION.X=1290|LOCATION.Y=50|
RECORD=14|LINENO=  37|OWNERPARTID=   2|OWNERINDEX=  29|CORNER.X=1320|CORNER.Y=50|LINEWIDTH=1|LOCATION.X=1290|LOCATION.Y=20|
RECORD=14|LINENO=  38|OWNERPARTID=   2|OWNERINDEX=  29|CORNER.X=1490|CORNER.Y=20|LINEWIDTH=1|LOCATION.X=1290|LOCATION.Y=10|
RECORD=14|LINENO=  39|OWNERPARTID=   2|OWNERINDEX=  29|CORNER.X=1640|CORNER.Y=20|LINEWIDTH=1|LOCATION.X=1490|LOCATION.Y=10|
RECORD= 4|LINENO=  40|OWNERPARTID=   2|OWNERINDEX=  29|FONTID=2|LOCATION.X=1570|LOCATION.Y=13|TEXT=of|
RECORD=14|LINENO=  41|OWNERPARTID=   2|OWNERINDEX=  29|CORNER.X=1640|CORNER.Y=200|LINEWIDTH=1|LOCATION.X=1290|LOCATION.Y=120|
RECORD=14|LINENO=  42|OWNERPARTID=   2|OWNERINDEX=  29|CORNER.X=1640|CORNER.Y=50|LINEWIDTH=1|LOCATION.X=1590|LOCATION.Y=20|
RECORD= 4|LINENO=  43|OWNERPARTID=   2|OWNERINDEX=  29|FONTID=3|LOCATION.X=1350|LOCATION.Y=106|TEXT=Oakland, California|
RECORD=30|LINENO=  44|OWNERPARTID=   2|OWNERINDEX=  29|CORNER.X=1640|CORNER.Y=200|EMBEDIMAGE=T|FILENAME=D:\mehdi\sherkat\cartheur\aiventure-computer-main\aiventure-computer-main - test2\chip_1_0\files\Imported CHIP_v1_0.PrjPcb\Image.bmp|LOCATION.X=1290|LOCATION.Y=120|
RECORD=28|LINENO=  45|OWNERPARTID=   2|OWNERINDEX=  29|ALIGNMENT=1|AREACOLOR=16777215|CLIPTORECT=T|CORNER.X=1538|CORNER.Y=100|FONTID=3|LOCATION.X=1350|LOCATION.Y=64|TEXT=docs.nextthing.co~1|TEXTMARGIN_FRAC=5|WORDWRAP=T|
RECORD=14|LINENO=  46|OWNERPARTID=   2|OWNERINDEX=  29|CORNER.X=1640|CORNER.Y=120|LINEWIDTH=1|LOCATION.X=1290|LOCATION.Y=80|
RECORD=41|LINENO=  47|OWNERPARTID=   2|OWNERINDEX=  29|FONTID=2|LOCATION.X=1600|LOCATION.Y=13|NAME=Page Count|NOTAUTOPOSITION=T|TEXT=9|UNIQUEID=XXMTMZPT|
RECORD=41|LINENO=  48|OWNERPARTID=   2|OWNERINDEX=  29|FONTID=2|LOCATION.X=1540|LOCATION.Y=13|NAME=Page Number|NOTAUTOPOSITION=T|TEXT=2|UNIQUEID=UBSUOCTE|
RECORD=41|LINENO=  49|OWNERPARTID=   2|OWNERINDEX=  29|FONTID=2|LOCATION.X=1300|LOCATION.Y=33|NAME=Page Size|NOTAUTOPOSITION=T|TEXT=A|UNIQUEID=AOVISKXY|
RECORD=41|LINENO=  50|OWNERPARTID=   2|OWNERINDEX=  29|FONTID=4|LOCATION.X=1340|LOCATION.Y=56|NAME=Title|NOTAUTOPOSITION=T|TEXT=C.H.I.P.|UNIQUEID=SJBPUORL|
RECORD=41|LINENO=  51|OWNERPARTID=   2|OWNERINDEX=  29|FONTID=2|LOCATION.X=1610|LOCATION.Y=33|NAME=RevCode|NOTAUTOPOSITION=T|TEXT=v1.0|UNIQUEID=XKOKTVZZ|
RECORD=41|LINENO=  52|OWNERPARTID=   2|OWNERINDEX=  29|FONTID=4|LOCATION.X=1340|LOCATION.Y=26|NAME=Doc|NOTAUTOPOSITION=T|TEXT=BLOCK|UNIQUEID=LIWNQACP|
RECORD=41|LINENO=  53|OWNERPARTID=   2|OWNERINDEX=  29|FONTID=1|ISHIDDEN=T|LOCATION.X=1290|LOCATION.Y=200|NAME=Page Create Date|NOTAUTOPOSITION=T|TEXT=March  8, 1995|UNIQUEID=YENGUGLM|
RECORD=34|LINENO=  54|OWNERPARTID=   0|OWNERINDEX=  29|FONTID=1|ISHIDDEN=T|LOCATION.X=1290|LOCATION.Y=200|NAME=Designator|TEXT=*|UNIQUEID=YACRPIUR|
RECORD=41|LINENO=  55|OWNERPARTID=   0|OWNERINDEX=  29|FONTID=1|ISHIDDEN=T|LOCATION.X=1290|NAME=Comment|TEXT=TitleBlock1-nextthing|UNIQUEID=RSJOVPPD|
RECORD=44|LINENO=  56|OWNERPARTID= -42|OWNERINDEX=  29|
RECORD=14|LINENO=  57|OWNERPARTID=   0|OWNERINDEX= -42|AREACOLOR=4342148|CORNER.X=1070|CORNER.Y=840|LINEWIDTH=1|LOCATION.X=930|LOCATION.Y=780|
RECORD=14|LINENO=  58|OWNERPARTID=   0|OWNERINDEX= -42|CORNER.X=1480|CORNER.Y=700|LINEWIDTH=2|LOCATION.X=230|LOCATION.Y=640|
RECORD= 4|LINENO=  59|OWNERPARTID=   0|OWNERINDEX= -42|FONTID=6|LOCATION.X=1020|LOCATION.Y=427|TEXT=SDIO WIFI|
RECORD= 4|LINENO=  60|OWNERPARTID=   0|OWNERINDEX= -42|FONTID=6|LOCATION.X=770|LOCATION.Y=527|TEXT=HP/SP|
RECORD=13|LINENO=  61|OWNERPARTID=   0|OWNERINDEX= -42|CORNER.X=660|CORNER.Y=700|LINEWIDTH=2|LOCATION.X=660|LOCATION.Y=780|
RECORD=13|LINENO=  62|OWNERPARTID=   0|OWNERINDEX= -42|CORNER.X=810|CORNER.Y=700|LINEWIDTH=2|LOCATION.X=810|LOCATION.Y=780|
RECORD=13|LINENO=  63|OWNERPARTID=   0|OWNERINDEX= -42|CORNER.X=1000|CORNER.Y=700|LINEWIDTH=2|LOCATION.X=1000|LOCATION.Y=780|
RECORD=13|LINENO=  64|OWNERPARTID=   0|OWNERINDEX= -42|CORNER.X=1160|CORNER.Y=700|LINEWIDTH=2|LOCATION.X=1160|LOCATION.Y=850|
RECORD=13|LINENO=  65|OWNERPARTID=   0|OWNERINDEX= -42|CORNER.X=1060|CORNER.Y=460|LINEWIDTH=2|LOCATION.X=1060|LOCATION.Y=640|
RECORD=13|LINENO=  66|OWNERPARTID=   0|OWNERINDEX= -42|CORNER.X=1360|CORNER.Y=560|LINEWIDTH=2|LOCATION.X=1360|LOCATION.Y=640|
RECORD=13|LINENO=  67|OWNERPARTID=   0|OWNERINDEX= -42|CORNER.X=800|CORNER.Y=560|LINEWIDTH=2|LOCATION.X=800|LOCATION.Y=640|
RECORD=13|LINENO=  68|OWNERPARTID=   0|OWNERINDEX= -42|CORNER.X=380|CORNER.Y=560|LINEWIDTH=2|LOCATION.X=380|LOCATION.Y=640|
RECORD= 4|LINENO=  69|OWNERPARTID=   0|OWNERINDEX= -42|FONTID=6|LOCATION.X=1140|LOCATION.Y=967|TEXT=BATT|
RECORD= 4|LINENO=  70|OWNERPARTID=   0|OWNERINDEX= -42|FONTID=6|LOCATION.X=930|LOCATION.Y=807|TEXT=LCD IO EXPAND|
RECORD=14|LINENO=  71|OWNERPARTID=   0|OWNERINDEX= -42|AREACOLOR=16711680|CORNER.X=1230|CORNER.Y=990|LINEWIDTH=1|LOCATION.X=1090|LOCATION.Y=930|
RECORD= 4|LINENO=  72|OWNERPARTID=   0|OWNERINDEX= -42|FONTID=6|LOCATION.X=1140|LOCATION.Y=1027|TEXT=DCIN|
RECORD=14|LINENO=  73|OWNERPARTID=   0|OWNERINDEX= -42|AREACOLOR=16711680|CORNER.X=1230|CORNER.Y=1060|LINEWIDTH=1|LOCATION.X=1090|LOCATION.Y=1000|
RECORD= 4|LINENO=  74|OWNERPARTID=   0|OWNERINDEX= -42|FONTID=6|LOCATION.X=1120|LOCATION.Y=947|TEXT=3.7V-4.2V|
RECORD=13|LINENO=  75|OWNERPARTID=   0|OWNERINDEX= -42|CORNER.X=1010|CORNER.Y=880|LINEWIDTH=2|LOCATION.X=1090|LOCATION.Y=880|
RECORD=13|LINENO=  76|OWNERPARTID=   0|OWNERINDEX= -42|CORNER.X=1010|CORNER.Y=1030|LINEWIDTH=2|LOCATION.X=1010|LOCATION.Y=880|
RECORD=13|LINENO=  77|OWNERPARTID=   0|OWNERINDEX= -42|CORNER.X=1090|CORNER.Y=1030|LINEWIDTH=2|LOCATION.X=1010|LOCATION.Y=1030|
RECORD=13|LINENO=  78|OWNERPARTID=   0|OWNERINDEX= -42|CORNER.X=1010|CORNER.Y=960|LINEWIDTH=2|LOCATION.X=1090|LOCATION.Y=960|
RECORD=13|LINENO=  79|OWNERPARTID=   0|OWNERINDEX= -42|CORNER.X=810|CORNER.Y=960|LINEWIDTH=2|LOCATION.X=1010|LOCATION.Y=960|
RECORD=13|LINENO=  80|OWNERPARTID=   0|OWNERINDEX= -42|CORNER.X=810|CORNER.Y=910|LINEWIDTH=2|LOCATION.X=810|LOCATION.Y=960|
RECORD= 4|LINENO=  81|OWNERPARTID=   0|OWNERINDEX= -42|FONTID=6|LOCATION.X=1120|LOCATION.Y=877|TEXT=USB0 OTG|
RECORD=14|LINENO=  82|OWNERPARTID=   0|OWNERINDEX= -42|AREACOLOR=4342148|CORNER.X=1230|CORNER.Y=460|LINEWIDTH=1|LOCATION.X=1140|LOCATION.Y=410|
RECORD= 4|LINENO=  83|OWNERPARTID=   0|OWNERINDEX= -42|FONTID=6|LOCATION.X=1160|LOCATION.Y=447|TEXT=DEBUG|
RECORD= 4|LINENO=  84|OWNERPARTID=   0|OWNERINDEX= -42|FONTID=6|LOCATION.X=1160|LOCATION.Y=417|TEXT=JTAG|
RECORD=13|LINENO=  85|OWNERPARTID=   0|OWNERINDEX= -42|CORNER.X=1180|CORNER.Y=640|LINEWIDTH=2|LOCATION.X=1180|LOCATION.Y=460|
RECORD=14|LINENO=  86|OWNERPARTID=   0|OWNERINDEX= -42|AREACOLOR=4342148|CORNER.X=1230|CORNER.Y=910|LINEWIDTH=1|LOCATION.X=1090|LOCATION.Y=850|
RECORD=14|LINENO=  87|OWNERPARTID=   0|OWNERINDEX= -42|AREACOLOR=16711680|CORNER.X=880|CORNER.Y=910|LINEWIDTH=2|LOCATION.X=750|LOCATION.Y=780|
RECORD=14|LINENO=  88|OWNERPARTID=   0|OWNERINDEX= -42|AREACOLOR=16711680|CORNER.X=450|CORNER.Y=560|LINEWIDTH=1|LOCATION.X=310|LOCATION.Y=500|
RECORD=14|LINENO=  89|OWNERPARTID=   0|OWNERINDEX= -42|AREACOLOR=16711680|CORNER.X=870|CORNER.Y=560|LINEWIDTH=1|LOCATION.X=730|LOCATION.Y=500|
RECORD=14|LINENO=  90|OWNERPARTID=   0|OWNERINDEX= -42|AREACOLOR=16711680|CORNER.X=1400|CORNER.Y=560|LINEWIDTH=1|LOCATION.X=1320|LOCATION.Y=500|
RECORD= 7|LINENO=  91|OWNERPARTID=   0|OWNERINDEX= -42|AREACOLOR=4342148|LINEWIDTH=2|LOCATIONCOUNT=10|X1=1100|X10=1100|X2=1100|X3=1020|X4=1020|X5=1030|X6=1040|X7=1080|X8=1090|X9=1100|Y1=400|Y10=400|Y2=460|Y3=460|Y4=400|Y5=400|Y6=410|Y7=410|Y8=400|Y9=400|
RECORD= 4|LINENO=  92|OWNERPARTID=   0|OWNERINDEX= -42|FONTID=6|LOCATION.X=360|LOCATION.Y=527|TEXT=KEY|
RECORD= 4|LINENO=  93|OWNERPARTID=   0|OWNERINDEX= -42|FONTID=7|LOCATION.X=780|LOCATION.Y=864|TEXT=PMU|
RECORD= 4|LINENO=  94|OWNERPARTID=   0|OWNERINDEX= -42|FONTID=8|LOCATION.X=760|LOCATION.Y=806|TEXT=AXP209|
RECORD= 4|LINENO=  95|OWNERPARTID=   0|OWNERINDEX= -42|FONTID=6|LOCATION.X=620|LOCATION.Y=667|TEXT=Interconnect Network,and Power Driven|
RECORD=14|LINENO=  96|OWNERPARTID=   0|OWNERINDEX= -42|AREACOLOR=16711680|CORNER.X=640|CORNER.Y=460|LINEWIDTH=1|LOCATION.X=500|LOCATION.Y=400|
RECORD= 4|LINENO=  97|OWNERPARTID=   0|OWNERINDEX= -42|FONTID=6|LOCATION.X=510|LOCATION.Y=427|TEXT=CSI IO EXPAND|
RECORD=13|LINENO=  98|OWNERPARTID=   0|OWNERINDEX= -42|CORNER.X=570|CORNER.Y=460|LINEWIDTH=2|LOCATION.X=570|LOCATION.Y=640|
RECORD=14|LINENO=  99|OWNERPARTID=   0|OWNERINDEX= -42|AREACOLOR=16711680|CORNER.X=1490|CORNER.Y=930|LINEWIDTH=1|LOCATION.X=1370|LOCATION.Y=880|
RECORD= 4|LINENO= 100|OWNERPARTID=   0|OWNERINDEX= -42|FONTID=6|LOCATION.X=1370|LOCATION.Y=897|TEXT=TP IO EXPAND|
RECORD=13|LINENO= 101|OWNERPARTID=   0|OWNERINDEX= -42|CORNER.X=1420|CORNER.Y=880|LINEWIDTH=2|LOCATION.X=1420|LOCATION.Y=700|
RECORD=28|LINENO= 102|OWNERPARTID=   0|OWNERINDEX= -42|ALIGNMENT=1|AREACOLOR=16777215|CLIPTORECT=T|CORNER.X=1375|CORNER.Y=523|FONTID=6|LOCATION.X=1330|LOCATION.Y=540|TEXT= MIC~1|TEXTMARGIN_FRAC=5|WORDWRAP=T|
RECORD= 4|LINENO= 103|OWNERPARTID=   0|OWNERINDEX= -42|FONTID=5|LOCATION.X=40|LOCATION.Y=1106|TEXT=BLOCK|
RECORD=13|LINENO= 104|OWNERPARTID=   0|OWNERINDEX= -42|CORNER.X=160|CORNER.Y=1090|LINEWIDTH=1|LOCATION.X=40|LOCATION.Y=1090|
RECORD=14|LINENO= 105|OWNERPARTID=   0|OWNERINDEX= -42|AREACOLOR=16640|CORNER.X=570|CORNER.Y=850|LINEWIDTH=3|LOCATION.X=490|LOCATION.Y=780|
RECORD= 4|LINENO= 106|OWNERPARTID=   0|OWNERINDEX= -42|FONTID=9|LOCATION.X=610|LOCATION.Y=809|TEXT= NANDFLASH |
RECORD=14|LINENO= 107|OWNERPARTID=   0|OWNERINDEX= -42|AREACOLOR=16744960|CORNER.X=710|CORNER.Y=850|LINEWIDTH=2|LOCATION.X=610|LOCATION.Y=780|
RECORD= 4|LINENO= 108|OWNERPARTID=   0|OWNERINDEX= -42|FONTID=6|LOCATION.X=1260|LOCATION.Y=797|TEXT=USB1 HOST|
RECORD=14|LINENO= 109|OWNERPARTID=   0|OWNERINDEX= -42|AREACOLOR=4342148|CORNER.X=1370|CORNER.Y=830|LINEWIDTH=1|LOCATION.X=1230|LOCATION.Y=770|
RECORD=13|LINENO= 110|OWNERPARTID=   0|OWNERINDEX= -42|CORNER.X=1300|CORNER.Y=700|LINEWIDTH=2|LOCATION.X=1300|LOCATION.Y=770|
RECORD= 4|LINENO= 111|OWNERPARTID=   0|OWNERINDEX= -42|FONTID=9|LOCATION.X=510|LOCATION.Y=809|TEXT=DDR3|
RECORD=14|LINENO= 112|OWNERPARTID=   0|OWNERINDEX= -42|AREACOLOR=4342148|CORNER.X=450|CORNER.Y=840|LINEWIDTH=1|LOCATION.X=310|LOCATION.Y=780|
RECORD= 4|LINENO= 113|OWNERPARTID=   0|OWNERINDEX= -42|FONTID=10|LOCATION.X=360|LOCATION.Y=804|TEXT=R8|
RECORD=13|LINENO= 114|OWNERPARTID=   0|OWNERINDEX= -42|CORNER.X=530|CORNER.Y=700|LINEWIDTH=2|LOCATION.X=530|LOCATION.Y=780|
RECORD=13|LINENO= 115|OWNERPARTID=   0|OWNERINDEX= -42|CORNER.X=380|CORNER.Y=700|LINEWIDTH=2|LOCATION.X=380|LOCATION.Y=780|
